# JRE version: Java(TM) SE Runtime Environment (8.0_161-b12) (build 1.8.0_161-b12)
# Java VM: Java HotSpot(TM) 64-Bit Server VM (25.161-b12 mixed mode windows-amd64 compressed oops)
Heap:
 PSYoungGen      total 768000K, used 767744K [0x000000076b580000, 0x000000079f700000, 0x00000007c0000000)
  eden space 757760K, 100% used [0x000000076b580000,0x0000000799980000,0x0000000799980000)
  from space 10240K, 97% used [0x000000079ed00000,0x000000079f6c0010,0x000000079f700000)
  to   space 22528K, 31% used [0x000000079cb00000,0x000000079d1f5ba8,0x000000079e100000)
 ParOldGen       total 173568K, used 81218K [0x00000006c2000000, 0x00000006cc980000, 0x000000076b580000)
  object space 173568K, 46% used [0x00000006c2000000,0x00000006c6f509d8,0x00000006cc980000)
 Metaspace       used 19655K, capacity 20816K, committed 20864K, reserved 1067008K
  class space    used 2690K, capacity 2944K, committed 2944K, reserved 1048576K
GC Heap History (10 events):
Event: 423.899 GC heap after
Heap after GC invocations=8 (full 0):
 PSYoungGen      total 544768K, used 10288K [0x000000076b580000, 0x000000078e180000, 0x00000007c0000000)
  eden space 520192K, 0% used [0x000000076b580000,0x000000076b580000,0x000000078b180000)
  from space 24576K, 41% used [0x000000078c980000,0x000000078d38c030,0x000000078e180000)
  to   space 24576K, 0% used [0x000000078b180000,0x000000078b180000,0x000000078c980000)
 ParOldGen       total 173568K, used 37819K [0x00000006c2000000, 0x00000006cc980000, 0x000000076b580000)
  object space 173568K, 21% used [0x00000006c2000000,0x00000006c44eee18,0x00000006cc980000)
 Metaspace       used 19572K, capacity 20702K, committed 20864K, reserved 1067008K
  class space    used 2682K, capacity 2909K, committed 2944K, reserved 1048576K
}
Event: 723.363 GC heap before
{Heap before GC invocations=9 (full 0):
 PSYoungGen      total 544768K, used 530480K [0x000000076b580000, 0x000000078e180000, 0x00000007c0000000)
  eden space 520192K, 100% used [0x000000076b580000,0x000000078b180000,0x000000078b180000)
  from space 24576K, 41% used [0x000000078c980000,0x000000078d38c030,0x000000078e180000)
  to   space 24576K, 0% used [0x000000078b180000,0x000000078b180000,0x000000078c980000)
 ParOldGen       total 173568K, used 37819K [0x00000006c2000000, 0x00000006cc980000, 0x000000076b580000)
  object space 173568K, 21% used [0x00000006c2000000,0x00000006c44eee18,0x00000006cc980000)
 Metaspace       used 19575K, capacity 20702K, committed 20864K, reserved 1067008K
  class space    used 2682K, capacity 2909K, committed 2944K, reserved 1048576K
Event: 723.379 GC heap after
Heap after GC invocations=9 (full 0):
 PSYoungGen      total 544768K, used 12816K [0x000000076b580000, 0x00000007a1080000, 0x00000007c0000000)
  eden space 520192K, 0% used [0x000000076b580000,0x000000076b580000,0x000000078b180000)
  from space 24576K, 52% used [0x000000078b180000,0x000000078be04170,0x000000078c980000)
  to   space 23552K, 0% used [0x000000079f980000,0x000000079f980000,0x00000007a1080000)
 ParOldGen       total 173568K, used 41733K [0x00000006c2000000, 0x00000006cc980000, 0x000000076b580000)
  object space 173568K, 24% used [0x00000006c2000000,0x00000006c48c1700,0x00000006cc980000)
 Metaspace       used 19575K, capacity 20702K, committed 20864K, reserved 1067008K
  class space    used 2682K, capacity 2909K, committed 2944K, reserved 1048576K
}
Event: 1023.738 GC heap before
{Heap before GC invocations=10 (full 0):
 PSYoungGen      total 544768K, used 533008K [0x000000076b580000, 0x00000007a1080000, 0x00000007c0000000)
  eden space 520192K, 100% used [0x000000076b580000,0x000000078b180000,0x000000078b180000)
  from space 24576K, 52% used [0x000000078b180000,0x000000078be04170,0x000000078c980000)
  to   space 23552K, 0% used [0x000000079f980000,0x000000079f980000,0x00000007a1080000)
 ParOldGen       total 173568K, used 41733K [0x00000006c2000000, 0x00000006cc980000, 0x000000076b580000)
  object space 173568K, 24% used [0x00000006c2000000,0x00000006c48c1700,0x00000006cc980000)
 Metaspace       used 19581K, capacity 20702K, committed 20864K, reserved 1067008K
  class space    used 2682K, capacity 2909K, committed 2944K, reserved 1048576K
Event: 1023.754 GC heap after
Heap after GC invocations=10 (full 0):
 PSYoungGen      total 855040K, used 13024K [0x000000076b580000, 0x00000007a0f80000, 0x00000007c0000000)
  eden space 832512K, 0% used [0x000000076b580000,0x000000076b580000,0x000000079e280000)
  from space 22528K, 57% used [0x000000079f980000,0x00000007a0638050,0x00000007a0f80000)
  to   space 23040K, 0% used [0x000000079e280000,0x000000079e280000,0x000000079f900000)
 ParOldGen       total 173568K, used 47981K [0x00000006c2000000, 0x00000006cc980000, 0x000000076b580000)
  object space 173568K, 27% used [0x00000006c2000000,0x00000006c4edb700,0x00000006cc980000)
 Metaspace       used 19581K, capacity 20702K, committed 20864K, reserved 1067008K
  class space    used 2682K, capacity 2909K, committed 2944K, reserved 1048576K
}
Event: 1505.015 GC heap before
{Heap before GC invocations=11 (full 0):
 PSYoungGen      total 855040K, used 845536K [0x000000076b580000, 0x00000007a0f80000, 0x00000007c0000000)
  eden space 832512K, 100% used [0x000000076b580000,0x000000079e280000,0x000000079e280000)
  from space 22528K, 57% used [0x000000079f980000,0x00000007a0638050,0x00000007a0f80000)
  to   space 23040K, 0% used [0x000000079e280000,0x000000079e280000,0x000000079f900000)
 ParOldGen       total 173568K, used 47981K [0x00000006c2000000, 0x00000006cc980000, 0x000000076b580000)
  object space 173568K, 27% used [0x00000006c2000000,0x00000006c4edb700,0x00000006cc980000)
 Metaspace       used 19590K, capacity 20702K, committed 20864K, reserved 1067008K
  class space    used 2684K, capacity 2909K, committed 2944K, reserved 1048576K
Event: 1505.035 GC heap after
Heap after GC invocations=11 (full 0):
 PSYoungGen      total 804864K, used 10532K [0x000000076b580000, 0x000000079fa00000, 0x00000007c0000000)
  eden space 794112K, 0% used [0x000000076b580000,0x000000076b580000,0x000000079bd00000)
  from space 10752K, 97% used [0x000000079e280000,0x000000079ecc92b8,0x000000079ed00000)
  to   space 13312K, 0% used [0x000000079ed00000,0x000000079ed00000,0x000000079fa00000)
 ParOldGen       total 173568K, used 60813K [0x00000006c2000000, 0x00000006cc980000, 0x000000076b580000)
  object space 173568K, 35% used [0x00000006c2000000,0x00000006c5b63710,0x00000006cc980000)
 Metaspace       used 19590K, capacity 20702K, committed 20864K, reserved 1067008K
  class space    used 2684K, capacity 2909K, committed 2944K, reserved 1048576K
}
Event: 1963.125 GC heap before
{Heap before GC invocations=12 (full 0):
 PSYoungGen      total 804864K, used 804644K [0x000000076b580000, 0x000000079fa00000, 0x00000007c0000000)
  eden space 794112K, 100% used [0x000000076b580000,0x000000079bd00000,0x000000079bd00000)
  from space 10752K, 97% used [0x000000079e280000,0x000000079ecc92b8,0x000000079ed00000)
  to   space 13312K, 0% used [0x000000079ed00000,0x000000079ed00000,0x000000079fa00000)
 ParOldGen       total 173568K, used 60813K [0x00000006c2000000, 0x00000006cc980000, 0x000000076b580000)
  object space 173568K, 35% used [0x00000006c2000000,0x00000006c5b63710,0x00000006cc980000)
 Metaspace       used 19595K, capacity 20702K, committed 20864K, reserved 1067008K
  class space    used 2684K, capacity 2909K, committed 2944K, reserved 1048576K
Event: 1963.142 GC heap after
Heap after GC invocations=12 (full 0):
 PSYoungGen      total 768000K, used 9984K [0x000000076b580000, 0x000000079f700000, 0x00000007c0000000)
  eden space 757760K, 0% used [0x000000076b580000,0x000000076b580000,0x0000000799980000)
  from space 10240K, 97% used [0x000000079ed00000,0x000000079f6c0010,0x000000079f700000)
  to   space 22528K, 0% used [0x000000079cb00000,0x000000079cb00000,0x000000079e100000)
 ParOldGen       total 173568K, used 71298K [0x00000006c2000000, 0x00000006cc980000, 0x000000076b580000)
  object space 173568K, 41% used [0x00000006c2000000,0x00000006c65a09c8,0x00000006cc980000)
 Metaspace       used 19595K, capacity 20702K, committed 20864K, reserved 1067008K
  class space    used 2684K, capacity 2909K, committed 2944K, reserved 1048576K
}
Event: 15098.437 GC heap before
{Heap before GC invocations=13 (full 0):
 PSYoungGen      total 768000K, used 767744K [0x000000076b580000, 0x000000079f700000, 0x00000007c0000000)
  eden space 757760K, 100% used [0x000000076b580000,0x0000000799980000,0x0000000799980000)
  from space 10240K, 97% used [0x000000079ed00000,0x000000079f6c0010,0x000000079f700000)
  to   space 22528K, 0% used [0x000000079cb00000,0x000000079cb00000,0x000000079e100000)
 ParOldGen       total 173568K, used 71298K [0x00000006c2000000, 0x00000006cc980000, 0x000000076b580000)
  object space 173568K, 41% used [0x00000006c2000000,0x00000006c65a09c8,0x00000006cc980000)
 Metaspace       used 19655K, capacity 20816K, committed 20864K, reserved 1067008K
  class space    used 2690K, capacity 2944K, committed 2944K, reserved 1048576K

